2021-11-29 15:34:37.546237: W tensorflow/core/platform/cpu_feature_guard.cc:45] The TensorFlow library wasn't compiled to use AVX instructions, but these are available on your machine and could speed up CPU computations.
2021-11-29 15:34:37.546440: W tensorflow/core/platform/cpu_feature_guard.cc:45] The TensorFlow library wasn't compiled to use AVX2 instructions, but these are available on your machine and could speed up CPU computations.
2021-11-29 15:34:37.546459: W tensorflow/core/platform/cpu_feature_guard.cc:45] The TensorFlow library wasn't compiled to use FMA instructions, but these are available on your machine and could speed up CPU computations.
2021-11-29 15:34:37.546562: E tensorflow/stream_executor/cuda/cuda_driver.cc:406] failed call to cuInit: CUresult(-1)
2021-11-29 15:34:37.546605: I tensorflow/stream_executor/cuda/cuda_diagnostics.cc:145] kernel driver does not appear to be running on this host (cn301): /proc/driver/nvidia/version does not exist
/apps2/python/3.6.1/lib/python3.6/site-packages/tensorflow/python/framework/dtypes.py:458: FutureWarning: Passing (type, 1) or '1type' as a synonym of type is deprecated; in a future version of numpy, it will be understood as (type, (1,)) / '(1,)type'.
  _np_qint8 = np.dtype([("qint8", np.int8, 1)])
/apps2/python/3.6.1/lib/python3.6/site-packages/tensorflow/python/framework/dtypes.py:459: FutureWarning: Passing (type, 1) or '1type' as a synonym of type is deprecated; in a future version of numpy, it will be understood as (type, (1,)) / '(1,)type'.
  _np_quint8 = np.dtype([("quint8", np.uint8, 1)])
/apps2/python/3.6.1/lib/python3.6/site-packages/tensorflow/python/framework/dtypes.py:460: FutureWarning: Passing (type, 1) or '1type' as a synonym of type is deprecated; in a future version of numpy, it will be understood as (type, (1,)) / '(1,)type'.
  _np_qint16 = np.dtype([("qint16", np.int16, 1)])
/apps2/python/3.6.1/lib/python3.6/site-packages/tensorflow/python/framework/dtypes.py:461: FutureWarning: Passing (type, 1) or '1type' as a synonym of type is deprecated; in a future version of numpy, it will be understood as (type, (1,)) / '(1,)type'.
  _np_quint16 = np.dtype([("quint16", np.uint16, 1)])
/apps2/python/3.6.1/lib/python3.6/site-packages/tensorflow/python/framework/dtypes.py:462: FutureWarning: Passing (type, 1) or '1type' as a synonym of type is deprecated; in a future version of numpy, it will be understood as (type, (1,)) / '(1,)type'.
  _np_qint32 = np.dtype([("qint32", np.int32, 1)])
/apps2/python/3.6.1/lib/python3.6/site-packages/tensorflow/python/framework/dtypes.py:465: FutureWarning: Passing (type, 1) or '1type' as a synonym of type is deprecated; in a future version of numpy, it will be understood as (type, (1,)) / '(1,)type'.
  np_resource = np.dtype([("resource", np.ubyte, 1)])
INFO:tensorflow:Restoring parameters from /shared/stormcenter/rehenuma/ML_Project/Corn_Corrected/MN_MO_metForcing/May_June_without_LW_HAND/Extended_0.25_Dropout_10000_steps_32_bins_2017/1Corrected_CNN_model.ckpt
INFO:tensorflow:Restoring parameters from /shared/stormcenter/rehenuma/ML_Project/Corn_Corrected/MN_MO_metForcing/May_June_without_LW_HAND/Extended_0.25_Dropout_10000_steps_32_bins_2017/2Corrected_CNN_model.ckpt
INFO:tensorflow:Restoring parameters from /shared/stormcenter/rehenuma/ML_Project/Corn_Corrected/MN_MO_metForcing/May_June_without_LW_HAND/Extended_0.25_Dropout_10000_steps_32_bins_2017/3Corrected_CNN_model.ckpt
Updated
train size 4548
validate size 1104
time =  21
Jul Nov Validation 1 step0 12088507.0 11703.82 210606910.0 290385.3 0.001
loaded log function parameters
Validation set RMSE 10849.108559870634 RMSE_ideal 10847.897246684135 ME 162.1163620398421 ME_part -35.61116604399427 RMSE_min 100
Training set RMSE 10414.367635166578 RMSE_ideal 10414.295448186878 ME -38.77385554864494 ME_part 1500.5698570722095 RMSE_min 100
Jul Nov Validation 1 step500 1036417.4 4655.426 182782980.0 235710.67 0.001
loaded log function parameters
Validation set RMSE 10491.483892471455 RMSE_ideal 10455.641403151749 ME -866.4857031026212 ME_part -829.8276187631355 RMSE_min 100
Training set RMSE 9944.261969512081 RMSE_ideal 9877.087535143944 ME -1153.9011800424828 ME_part 404.72877113259494 RMSE_min 100
Jul Nov Validation 1 step1000 944261.6 3862.6272 132085030.0 198176.0 0.001
loaded log function parameters
Validation set RMSE 9290.201195877413 RMSE_ideal 9161.49256970511 ME -1541.0684954969227 ME_part -956.8633658219107 RMSE_min 100
Training set RMSE 8839.856156507585 RMSE_ideal 8652.809569837811 ME -1808.8514131795866 ME_part -521.6760987467417 RMSE_min 100
Jul Nov Validation 1 step1500 729669.75 3766.955 98374690.0 180643.34 0.001
loaded log function parameters
Validation set RMSE 8297.243518587384 RMSE_ideal 8290.04587161355 ME 345.52872991668033 ME_part 1100.625843123027 RMSE_min 100
Training set RMSE 7798.725521802834 RMSE_ideal 7798.570030421545 ME -49.23970680854803 ME_part 951.0111620793592 RMSE_min 100
Jul Nov Validation 1 step2000 849932.6 3850.7358 84865420.0 168117.77 0.001
loaded log function parameters
Validation set RMSE 7598.303945034595 RMSE_ideal 7592.960199591117 ME 284.91810549112887 ME_part 838.1407551131948 RMSE_min 100
Training set RMSE 7198.043198288535 RMSE_ideal 7197.7741657671195 ME -62.228538234604365 ME_part 567.4017099881804 RMSE_min 100
Jul Nov Validation 1 step2500 378840.06 2602.6172 79854580.0 144914.42 0.001
loaded log function parameters
Validation set RMSE 7582.641304761251 RMSE_ideal 7510.692718708929 ME -1042.0869065722902 ME_part -410.4885750386882 RMSE_min 100
Training set RMSE 7252.256511151358 RMSE_ideal 7125.892073471034 ME -1347.9191639223243 ME_part -568.3806880926711 RMSE_min 100
Jul Nov Validation 1 step3000 2646685.5 5808.8496 72504830.0 141200.45 0.001
loaded log function parameters
Validation set RMSE 7235.525881743567 RMSE_ideal 7230.502919744836 ME -269.55782511548875 ME_part 407.1170973762603 RMSE_min 100
Training set RMSE 6948.351078762876 RMSE_ideal 6925.373114779806 ME -564.6148374753615 ME_part 139.63668687785207 RMSE_min 100
Jul Nov Validation 1 step3500 2823281.0 5827.5225 71997470.0 138716.77 0.001
loaded log function parameters
Validation set RMSE 7151.162405264069 RMSE_ideal 7132.18227082419 ME -520.6730164068491 ME_part 2.0142776338749533 RMSE_min 100
Training set RMSE 6905.239725156861 RMSE_ideal 6857.021588983949 ME -814.6105736109248 ME_part -226.7324210083107 RMSE_min 100
Jul Nov Validation 1 step4000 693489.75 3641.2563 61617550.0 142579.38 0.0001
loaded log function parameters
Validation set RMSE 6224.355162597689 RMSE_ideal 6200.340496576853 ME 546.23629253157 ME_part 768.4676393757418 RMSE_min 100
Training set RMSE 6217.785362636104 RMSE_ideal 6211.627731929897 ME 276.65003447116146 ME_part 588.5797012845024 RMSE_min 100
Jul Nov Validation 1 step4500 1909773.0 4379.1406 58088164.0 132790.67 0.0001
loaded log function parameters
Validation set RMSE 6274.000697143505 RMSE_ideal 6272.402409560297 ME 141.60337950307743 ME_part 503.5503892134642 RMSE_min 100
Training set RMSE 6199.170464678086 RMSE_ideal 6197.601207167883 ME -139.47659886400578 ME_part 101.14426632883313 RMSE_min 100
Jul Nov Validation 1 step5000 1508193.1 4462.236 58180740.0 127401.24 0.0001
loaded log function parameters
Validation set RMSE 6347.043071122558 RMSE_ideal 6340.527999469716 ME -287.5093416596064 ME_part 155.48080497497153 RMSE_min 100
Training set RMSE 6256.035763061968 RMSE_ideal 6230.786869045768 ME -561.4970413430991 ME_part -183.2727461781561 RMSE_min 100
Jul Nov Validation 1 step5500 1067845.1 3580.005 57782292.0 127769.75 0.0001
loaded log function parameters
Validation set RMSE 6267.992696477468 RMSE_ideal 6261.979779453267 ME -274.48364944912845 ME_part 115.8273349081466 RMSE_min 100
Training set RMSE 6208.611510022722 RMSE_ideal 6185.052959530011 ME -540.3492159139618 ME_part -269.29601700353516 RMSE_min 100
Jul Nov Validation 1 step6000 1171979.5 3973.216 57545372.0 131641.78 0.0001
loaded log function parameters
Validation set RMSE 6162.150518623012 RMSE_ideal 6159.308189933018 ME 187.14043143322453 ME_part 536.1550414668237 RMSE_min 100
Training set RMSE 6096.599745933201 RMSE_ideal 6096.343686851705 ME -55.87988479050225 ME_part 158.77082538067074 RMSE_min 100
Jul Nov Validation 1 step6500 1609801.0 4999.0703 57754350.0 130035.75 0.0001
loaded log function parameters
Validation set RMSE 6219.295348561859 RMSE_ideal 6218.543177071171 ME -96.72766082320935 ME_part 271.9748201639121 RMSE_min 100
Training set RMSE 6145.1987143942815 RMSE_ideal 6135.490436262261 ME -345.2888065829759 ME_part -89.45674942285567 RMSE_min 100
Jul Nov Validation 1 step7000 1312226.1 4481.216 56450690.0 125371.59 0.0001
loaded log function parameters
Validation set RMSE 6205.473754293194 RMSE_ideal 6202.523721478307 ME -191.31840932964315 ME_part 219.02777365100198 RMSE_min 100
Training set RMSE 6129.724728110703 RMSE_ideal 6113.8116478160255 ME -441.39819189877693 ME_part -171.45464878144668 RMSE_min 100
Jul Nov Validation 1 step7500 863960.75 3127.5137 56392996.0 122367.46 0.0001
loaded log function parameters
Validation set RMSE 6227.99204885913 RMSE_ideal 6196.250211220622 ME -627.9864355244962 ME_part -204.06131569871837 RMSE_min 100
Training set RMSE 6201.822130083691 RMSE_ideal 6138.349380006412 ME -885.0221500028703 ME_part -580.5655159185034 RMSE_min 100
Jul Nov Validation 1 step8000 2694230.5 5600.8164 56361950.0 125753.21 0.0001
loaded log function parameters
Validation set RMSE 6210.186800141508 RMSE_ideal 6209.754080185374 ME -73.31332546015788 ME_part 338.9813755045692 RMSE_min 100
Training set RMSE 6120.710388015772 RMSE_ideal 6112.526491972463 ME -316.41100068508854 ME_part -94.84010451381592 RMSE_min 100
Jul Nov Validation 1 step8500 2991161.0 5186.2783 54962150.0 127896.65 0.0001
loaded log function parameters
Validation set RMSE 6004.822205884813 RMSE_ideal 6004.647609595771 ME 45.77900277973188 ME_part 381.8130163043202 RMSE_min 100
Training set RMSE 5993.589515738527 RMSE_ideal 5990.502404764148 ME -192.34537499736848 ME_part -66.15480140581552 RMSE_min 100
Jul Nov Validation 1 step9000 979369.0 3871.1333 53968760.0 124978.42 0.0001
loaded log function parameters
Validation set RMSE 6008.958060042038 RMSE_ideal 6005.306930443759 ME -209.44132695372403 ME_part 158.2455138108266 RMSE_min 100
Training set RMSE 5999.654514585871 RMSE_ideal 5983.377067861203 ME -441.64824691638256 ME_part -319.22096947626954 RMSE_min 100
Jul Nov Validation 1 step9500 653282.6 3681.4097 54631844.0 126540.555 0.0001
loaded log function parameters
Validation set RMSE 6023.153864504011 RMSE_ideal 6020.27728696213 ME 186.12861215473188 ME_part 532.2017053563532 RMSE_min 100
Training set RMSE 5977.932641873106 RMSE_ideal 5977.772521653541 ME -43.753681280379006 ME_part 112.22416028656733 RMSE_min 100
save in file: /shared/stormcenter/rehenuma/ML_Project/Corn_Corrected/MN_MO_metForcing/May_June_without_LW_HAND/Extended_0.25_Dropout_10000_steps_32_bins_2017/1Corrected_CNN_model.ckpt
save in file: /shared/stormcenter/rehenuma/ML_Project/Corn_Corrected/MN_MO_metForcing/May_June_without_LW_HAND/Extended_0.25_Dropout_10000_steps_32_bins_2017/1Corrected_CNN_model.ckpt
validation RMSE =  5726.211143167425
train size 4548
validate size 1116
time =  21
Model restored.
Jul Nov Validation 2 step0 4044022.8 6239.7163 73718320.0 144821.73 0.001
loaded log function parameters
Validation set RMSE 6735.644545372004 RMSE_ideal 6735.033039625331 ME 90.76076912994913 ME_part 194.38503153584475 RMSE_min 100
Training set RMSE 5945.174787084208 RMSE_ideal 5944.491340125253 ME 90.1448559390312 ME_part 135.40447733591375 RMSE_min 100
Jul Nov Validation 2 step500 1721326.5 4149.99 71817304.0 137418.23 0.001
loaded log function parameters
Validation set RMSE 6832.793690196647 RMSE_ideal 6815.92534164678 ME -479.8247806172935 ME_part -229.66499326693284 RMSE_min 100
Training set RMSE 6013.945430695334 RMSE_ideal 5999.136831200115 ME -421.77889653676107 ME_part -45.482968831449426 RMSE_min 100
Jul Nov Validation 2 step1000 768838.75 3640.9475 72130110.0 156579.28 0.001
loaded log function parameters
Validation set RMSE 6974.898174663018 RMSE_ideal 6728.619673859622 ME -1837.0849052726244 ME_part -1363.494099951842 RMSE_min 100
Training set RMSE 6172.662108853613 RMSE_ideal 5915.643922105788 ME -1762.644148104763 ME_part -1438.1713864517274 RMSE_min 100
Jul Nov Validation 2 step1500 918280.4 3787.6653 89375710.0 170603.03 0.001
loaded log function parameters
Validation set RMSE 6860.043035035953 RMSE_ideal 6793.7698294199845 ME 951.2525114323389 ME_part 917.8592484302635 RMSE_min 100
Training set RMSE 6162.8290327529985 RMSE_ideal 6103.66316943675 ME 851.9141808730101 ME_part 1069.5393593939075 RMSE_min 100
Jul Nov Validation 2 step2000 837991.94 3557.0603 71219930.0 141594.53 0.001
loaded log function parameters
Validation set RMSE 6687.946185645649 RMSE_ideal 6687.2138347585715 ME 98.97462195623586 ME_part 313.3879343630199 RMSE_min 100
Training set RMSE 5834.968068053388 RMSE_ideal 5833.711264788067 ME 121.09877525571254 ME_part 240.74667673719537 RMSE_min 100
Jul Nov Validation 2 step2500 693853.6 3326.9507 66570616.0 131478.25 0.001
loaded log function parameters
Validation set RMSE 6644.269298299989 RMSE_ideal 6603.832967736064 ME -731.9186885906391 ME_part -542.0894399460116 RMSE_min 100
Training set RMSE 5733.120466815488 RMSE_ideal 5692.3007798927765 ME -682.9217738199917 ME_part -372.55791641552736 RMSE_min 100
Jul Nov Validation 2 step3000 493320.7 3132.9922 64211540.0 132934.5 0.001
loaded log function parameters
Validation set RMSE 6579.158523288646 RMSE_ideal 6578.1170529621695 ME 117.0562510922653 ME_part 368.9610863640191 RMSE_min 100
Training set RMSE 5723.771529362072 RMSE_ideal 5721.374284312337 ME 165.64058175879353 ME_part 350.74384544510536 RMSE_min 100
Jul Nov Validation 2 step3500 1413957.9 4772.3623 65790644.0 140596.48 0.001
loaded log function parameters
Validation set RMSE 6448.041333853107 RMSE_ideal 6435.212787806309 ME -406.5382456908229 ME_part -260.6963433238968 RMSE_min 100
Training set RMSE 5687.916533255017 RMSE_ideal 5673.681396486806 ME -402.1618431421748 ME_part -389.28450654723275 RMSE_min 100
Jul Nov Validation 2 step4000 801674.56 3613.6252 61373456.0 130420.54 0.0001
loaded log function parameters
Validation set RMSE 6477.606447232045 RMSE_ideal 6472.417858366192 ME 259.2148850536624 ME_part 465.02913937548027 RMSE_min 100
Training set RMSE 5568.861514916605 RMSE_ideal 5556.1985453225425 ME 375.33525124052767 ME_part 818.4349860832228 RMSE_min 100
Jul Nov Validation 2 step4500 1447017.8 4125.1445 61977210.0 128490.44 0.0001
loaded log function parameters
Validation set RMSE 6352.368029595116 RMSE_ideal 6352.159367521642 ME -51.48801016692588 ME_part -13.419574458330244 RMSE_min 100
Training set RMSE 5472.1299991586075 RMSE_ideal 5472.087088955814 ME 21.669283755932604 ME_part 222.871348422967 RMSE_min 100
Jul Nov Validation 2 step5000 1801089.6 4883.312 62333170.0 130523.68 0.0001
loaded log function parameters
Validation set RMSE 6328.669380166148 RMSE_ideal 6326.767308380467 ME 155.1501590656109 ME_part 264.6160627272188 RMSE_min 100
Training set RMSE 5462.954979631315 RMSE_ideal 5459.700564398808 ME 188.53833841592382 ME_part 379.08274403886446 RMSE_min 100
Jul Nov Validation 2 step5500 1433706.6 3334.8801 61036004.0 124994.6 0.0001
loaded log function parameters
Validation set RMSE 6338.237071326244 RMSE_ideal 6335.17617122682 ME -196.95634369174206 ME_part -173.26759419503156 RMSE_min 100
Training set RMSE 5429.316798556301 RMSE_ideal 5427.720311764497 ME -131.65587029336317 ME_part 89.2801527960822 RMSE_min 100
Jul Nov Validation 2 step6000 1149330.6 3511.1814 60820600.0 126459.85 0.0001
loaded log function parameters
Validation set RMSE 6324.308231083376 RMSE_ideal 6324.1609828229175 ME -43.15448535074941 ME_part -18.139805820271672 RMSE_min 100
Training set RMSE 5439.045907914889 RMSE_ideal 5439.037606920365 ME 9.508725189691408 ME_part 174.94316784211006 RMSE_min 100
Jul Nov Validation 2 step6500 1508677.2 4596.3457 63558444.0 130399.22 0.0001
loaded log function parameters
Validation set RMSE 6319.777588386685 RMSE_ideal 6315.906505241434 ME 221.16539631285355 ME_part 187.62162584294123 RMSE_min 100
Training set RMSE 5442.532975903689 RMSE_ideal 5437.249595748231 ME 239.75440974624948 ME_part 410.8069620782606 RMSE_min 100
Jul Nov Validation 2 step7000 396592.72 2801.289 62572024.0 129741.03 0.0001
loaded log function parameters
Validation set RMSE 6333.414118234324 RMSE_ideal 6329.388907616771 ME 225.76671467222855 ME_part 243.6008394034857 RMSE_min 100
Training set RMSE 5446.026986728675 RMSE_ideal 5439.685253169466 ME 262.7434818743305 ME_part 291.8181415054144 RMSE_min 100
Jul Nov Validation 2 step7500 1699299.2 5629.9697 60258096.0 124124.07 0.0001
loaded log function parameters
Validation set RMSE 6327.272233645975 RMSE_ideal 6318.5620944308375 ME -331.8844370970729 ME_part -271.460723750693 RMSE_min 100
Training set RMSE 5410.618048318583 RMSE_ideal 5403.492850872893 ME -277.58396572140015 ME_part -172.24267203242152 RMSE_min 100
Jul Nov Validation 2 step8000 1480669.9 4916.245 59930124.0 121703.35 0.0001
loaded log function parameters
Validation set RMSE 6347.869731628579 RMSE_ideal 6334.248242287701 ME -415.63087551619054 ME_part -346.42835202531774 RMSE_min 100
Training set RMSE 5394.6524084152525 RMSE_ideal 5383.38765141014 ME -348.44217159728043 ME_part -157.39168108307553 RMSE_min 100
Jul Nov Validation 2 step8500 1580470.2 4592.1055 60722076.0 124749.1 0.0001
loaded log function parameters
Validation set RMSE 6335.983113012477 RMSE_ideal 6328.842671053527 ME -300.7198432321832 ME_part -240.96840219322024 RMSE_min 100
Training set RMSE 5398.410944977212 RMSE_ideal 5392.183299055132 ME -259.2293394284864 ME_part -83.72367110764739 RMSE_min 100
Jul Nov Validation 2 step9000 649128.56 3359.3618 62236376.0 128883.08 0.0001
loaded log function parameters
Validation set RMSE 6314.510189636655 RMSE_ideal 6311.643098159506 ME 190.2636844562359 ME_part 204.50705920159015 RMSE_min 100
Training set RMSE 5419.709616524708 RMSE_ideal 5415.384066298714 ME 216.4894759049203 ME_part 341.22721877950374 RMSE_min 100
Jul Nov Validation 2 step9500 1066286.2 3879.2725 60844704.0 124547.61 0.0001
loaded log function parameters
Validation set RMSE 6292.894946725765 RMSE_ideal 6292.17146871404 ME -95.4207996889847 ME_part -82.65699718728168 RMSE_min 100
Training set RMSE 5378.006894286761 RMSE_ideal 5377.894420544848 ME -34.78178152245648 ME_part 78.16612258159165 RMSE_min 100
save in file: /shared/stormcenter/rehenuma/ML_Project/Corn_Corrected/MN_MO_metForcing/May_June_without_LW_HAND/Extended_0.25_Dropout_10000_steps_32_bins_2017/2Corrected_CNN_model.ckpt
save in file: /shared/stormcenter/rehenuma/ML_Project/Corn_Corrected/MN_MO_metForcing/May_June_without_LW_HAND/Extended_0.25_Dropout_10000_steps_32_bins_2017/2Corrected_CNN_model.ckpt
validation RMSE =  6162.113423058754
train size 4548
validate size 1128
time =  21
Model restored.
Jul Nov Validation 3 step0 692223.6 3515.7168 31251724.0 109069.414 0.001
loaded log function parameters
Validation set RMSE 3927.6696592129288 RMSE_ideal 3926.6578850563665 ME 89.14441398275261 ME_part -63.340492458740485 RMSE_min 100
Training set RMSE 5367.333396360716 RMSE_ideal 5361.8388116103615 ME -242.80081417540546 ME_part -137.86861152739917 RMSE_min 100
Jul Nov Validation 3 step500 347262.38 2617.6216 35741264.0 120811.88 0.001
loaded log function parameters
Validation set RMSE 4206.524628079 RMSE_ideal 4201.781213372862 ME 199.7116991390026 ME_part -10.881953272827234 RMSE_min 100
Training set RMSE 5424.254060805301 RMSE_ideal 5423.205558985331 ME -106.64778958253572 ME_part -297.3574071782996 RMSE_min 100
Jul Nov Validation 3 step1000 729397.0 3109.897 45769960.0 133867.81 0.001
loaded log function parameters
Validation set RMSE 4612.537903926225 RMSE_ideal 4602.48126028501 ME 304.4207951211455 ME_part -48.06271381349481 RMSE_min 100
Training set RMSE 5567.444163798094 RMSE_ideal 5567.382935442529 ME -26.12078625397057 ME_part -36.295388108931164 RMSE_min 100
Jul Nov Validation 3 step1500 758801.25 3270.698 38639556.0 120217.61 0.001
loaded log function parameters
Validation set RMSE 4210.517937546298 RMSE_ideal 4197.766125577544 ME 327.4466321747169 ME_part 24.99523889065752 RMSE_min 100
Training set RMSE 5427.1223586673605 RMSE_ideal 5427.116786278731 ME 7.757167503731951 ME_part 131.05431208668367 RMSE_min 100
Jul Nov Validation 3 step2000 716150.5 3114.2273 34605770.0 113533.516 0.001
loaded log function parameters
Validation set RMSE 4048.508748733809 RMSE_ideal 4039.0941198936393 ME 275.93707581310974 ME_part 66.21225361922635 RMSE_min 100
Training set RMSE 5315.792621136644 RMSE_ideal 5315.677961059944 ME -34.91235893222761 ME_part 132.55335336508645 RMSE_min 100
Jul Nov Validation 3 step2500 1176665.8 3738.5022 40123144.0 119615.91 0.001
loaded log function parameters
Validation set RMSE 4339.095665027412 RMSE_ideal 4302.144458912328 ME 565.0711857461455 ME_part 206.74267391366766 RMSE_min 100
Training set RMSE 5353.560513923171 RMSE_ideal 5346.5403528824945 ME 274.07473256205054 ME_part 258.34106280627014 RMSE_min 100
Jul Nov Validation 3 step3000 1603112.8 4804.2305 51112116.0 145273.9 0.001
loaded log function parameters
Validation set RMSE 4820.362547717338 RMSE_ideal 4752.452582377996 ME 806.2803654336454 ME_part 417.7910534238111 RMSE_min 100
Training set RMSE 5613.219275593828 RMSE_ideal 5590.577499868899 ME 503.65929118330934 ME_part 815.5164747472385 RMSE_min 100
Jul Nov Validation 3 step3500 660669.3 3038.0574 30424178.0 106463.484 0.001
loaded log function parameters
Validation set RMSE 3834.143460723038 RMSE_ideal 3832.6008896555863 ME -108.75103802617596 ME_part -289.1225500675119 RMSE_min 100
Training set RMSE 5273.498560083004 RMSE_ideal 5259.2231550355045 ME -387.761541920784 ME_part -347.84176265649467 RMSE_min 100
Jul Nov Validation 3 step4000 2241932.8 4470.667 29928842.0 107581.516 0.0001
loaded log function parameters
Validation set RMSE 3793.8146424885977 RMSE_ideal 3792.6076067374747 ME 95.69318630418118 ME_part -31.641262903433024 RMSE_min 100
Training set RMSE 5316.772512058316 RMSE_ideal 5312.831858430774 ME -204.6656118481607 ME_part -178.48706898468555 RMSE_min 100
Jul Nov Validation 3 step4500 1365824.6 3633.322 32281564.0 109280.87 0.0001
loaded log function parameters
Validation set RMSE 3913.044733663591 RMSE_ideal 3904.4491293041538 ME 259.22347369257403 ME_part 14.13382292158577 RMSE_min 100
Training set RMSE 5213.625793364693 RMSE_ideal 5213.480087846831 ME -38.975330020475845 ME_part 16.044926237843118 RMSE_min 100
Jul Nov Validation 3 step5000 592531.25 3114.726 31057664.0 107844.375 0.0001
loaded log function parameters
Validation set RMSE 3849.0725347461876 RMSE_ideal 3846.4700064709036 ME 141.52132525507403 ME_part -52.366075880340595 RMSE_min 100
Training set RMSE 5185.020049299255 RMSE_ideal 5182.920431922677 ME -147.5428813243931 ME_part -93.21304365353392 RMSE_min 100
Jul Nov Validation 3 step5500 1268035.9 4502.6675 33448250.0 111140.11 0.0001
loaded log function parameters
Validation set RMSE 3973.7360168358214 RMSE_ideal 3948.788332913867 ME 444.57618016578834 ME_part 215.39857437745445 RMSE_min 100
Training set RMSE 5190.973139529324 RMSE_ideal 5188.944548975347 ME 145.11035646169847 ME_part 218.69623745154638 RMSE_min 100
Jul Nov Validation 3 step6000 1398706.2 4216.677 32620240.0 109526.92 0.0001
loaded log function parameters
Validation set RMSE 3948.161514247545 RMSE_ideal 3928.962011659428 ME 388.8921678890026 ME_part 155.9229419429155 RMSE_min 100
Training set RMSE 5181.312798439401 RMSE_ideal 5180.74429986808 ME 76.75291395509633 ME_part 60.76516193958332 RMSE_min 100
Jul Nov Validation 3 step6500 1439111.5 4855.2783 32934528.0 110000.7 0.0001
loaded log function parameters
Validation set RMSE 3941.780967311892 RMSE_ideal 3920.127483202021 ME 412.5990317282883 ME_part 169.38752564974126 RMSE_min 100
Training set RMSE 5172.2947681393725 RMSE_ideal 5171.471806629013 ME 92.26394842362626 ME_part 140.81303347955455 RMSE_min 100
Jul Nov Validation 3 step7000 472599.75 2673.1348 31862656.0 110563.625 0.0001
loaded log function parameters
Validation set RMSE 3894.7572103116904 RMSE_ideal 3892.3617224483405 ME 136.5774217952526 ME_part -84.37864444189889 RMSE_min 100
Training set RMSE 5152.383959915206 RMSE_ideal 5148.873882040162 ME -190.15351829072233 ME_part -128.26503516838397 RMSE_min 100
Jul Nov Validation 3 step7500 745923.0 3489.4995 34503200.0 113102.42 0.0001
loaded log function parameters
Validation set RMSE 4042.0122079897724 RMSE_ideal 4005.7335207075184 ME 540.3341042729312 ME_part 286.05801984692954 RMSE_min 100
Training set RMSE 5193.990525451778 RMSE_ideal 5189.607291018441 ME 213.3399174212055 ME_part 279.03235447252735 RMSE_min 100
Jul Nov Validation 3 step8000 376506.2 2547.1426 32583304.0 110007.25 0.0001
loaded log function parameters
Validation set RMSE 3935.470858906816 RMSE_ideal 3922.3346810133635 ME 321.2814675541812 ME_part 74.59469626214901 RMSE_min 100
Training set RMSE 5135.584303322156 RMSE_ideal 5135.573662166823 ME -10.451400800625482 ME_part 74.57762254805169 RMSE_min 100
Jul Nov Validation 3 step8500 397804.44 2676.0903 33483214.0 110757.19 0.0001
loaded log function parameters
Validation set RMSE 4004.90793172636 RMSE_ideal 3977.132804706298 ME 470.85289612560973 ME_part 207.03511888356684 RMSE_min 100
Training set RMSE 5133.313093624123 RMSE_ideal 5131.407452185128 ME 139.8588881793481 ME_part 172.14825107634508 RMSE_min 100
Jul Nov Validation 3 step9000 1082177.8 3358.6328 32605028.0 109340.92 0.0001
loaded log function parameters
Validation set RMSE 3952.2706308635484 RMSE_ideal 3937.869917407203 ME 337.0802259247169 ME_part 83.59922280452527 RMSE_min 100
Training set RMSE 5113.930490508075 RMSE_ideal 5113.927636333697 ME 5.408796024858654 ME_part 43.77044571861562 RMSE_min 100
Jul Nov Validation 3 step9500 975922.56 3936.441 34888496.0 112952.7 0.0001
loaded log function parameters
Validation set RMSE 4086.3508932168384 RMSE_ideal 4063.6452018211917 ME 430.1751757015026 ME_part 134.96926244738916 RMSE_min 100
Training set RMSE 5117.967504801367 RMSE_ideal 5116.919159533382 ME 103.58689145289563 ME_part 115.7289415923489 RMSE_min 100
save in file: /shared/stormcenter/rehenuma/ML_Project/Corn_Corrected/MN_MO_metForcing/May_June_without_LW_HAND/Extended_0.25_Dropout_10000_steps_32_bins_2017/3Corrected_CNN_model.ckpt
save in file: /shared/stormcenter/rehenuma/ML_Project/Corn_Corrected/MN_MO_metForcing/May_June_without_LW_HAND/Extended_0.25_Dropout_10000_steps_32_bins_2017/3Corrected_CNN_model.ckpt
validation RMSE =  3869.722178514718
train size 4548
validate size 1152
time =  21
Model restored.
Jul Nov Validation 4 step0 761661.1 3153.0195 45089310.0 122548.86 0.001
loaded log function parameters
Validation set RMSE 4737.223247049293 RMSE_ideal 4737.223207509427 ME -0.1425194945749 ME_part -90.55528296561796 RMSE_min 100
Training set RMSE 5072.992961591033 RMSE_ideal 5069.130467001374 ME 197.92385021720023 ME_part 274.9924171545712 RMSE_min 100
Jul Nov Validation 4 step500 840364.5 3274.4434 71110904.0 164750.66 0.001
loaded log function parameters
Validation set RMSE 5574.591286216728 RMSE_ideal 5573.515480910669 ME 109.51195370420982 ME_part -355.2328536559921 RMSE_min 100
Training set RMSE 5612.329441123178 RMSE_ideal 5606.612276447937 ME 253.26266926429525 ME_part 29.342223397336763 RMSE_min 100
Jul Nov Validation 4 step1000 620430.9 3604.7563 47042440.0 125563.195 0.001
loaded log function parameters
Validation set RMSE 4851.735994277407 RMSE_ideal 4845.207888321905 ME 251.59965444205702 ME_part 109.21529484136187 RMSE_min 100
Training set RMSE 5011.315197089351 RMSE_ideal 4990.105309370092 ME 460.57504891328296 ME_part 757.3612813377705 RMSE_min 100
Jul Nov Validation 4 step1500 566799.5 2852.2747 42974530.0 116174.14 0.001
loaded log function parameters
Validation set RMSE 4802.169057084996 RMSE_ideal 4759.772134104878 ME -636.7076372246096 ME_part -601.5532698372734 RMSE_min 100
Training set RMSE 5094.112046374317 RMSE_ideal 5078.827785451047 ME -394.3172231762857 ME_part -151.94593331907316 RMSE_min 100
Jul Nov Validation 4 step2000 1478263.2 3222.2822 44328050.0 125672.95 0.001
loaded log function parameters
Validation set RMSE 4814.547907959171 RMSE_ideal 4716.703551110359 ME -965.7012624416234 ME_part -905.4038197474862 RMSE_min 100
Training set RMSE 5122.621830557458 RMSE_ideal 5065.301184453296 ME -764.1850708875534 ME_part -679.940600779776 RMSE_min 100
Jul Nov Validation 4 step2500 691913.9 3561.8992 45116576.0 128292.48 0.001
loaded log function parameters
Validation set RMSE 4701.286874549969 RMSE_ideal 4693.760201568087 ME -265.9188459919707 ME_part -438.6327406986768 RMSE_min 100
Training set RMSE 5002.099210637085 RMSE_ideal 5001.793483086431 ME -55.302021124129006 ME_part 106.9013615408408 RMSE_min 100
Jul Nov Validation 4 step3000 1067810.5 3788.035 41670624.0 112284.24 0.001
loaded log function parameters
Validation set RMSE 4697.552953401358 RMSE_ideal 4671.192422734636 ME -496.95598249370676 ME_part -484.64537661576367 RMSE_min 100
Training set RMSE 5007.214462057115 RMSE_ideal 4997.530897416596 ME -311.25847468926986 ME_part -153.7976671613528 RMSE_min 100
Jul Nov Validation 4 step3500 184059.64 1901.9004 49554720.0 133232.73 0.001
loaded log function parameters
Validation set RMSE 4889.058525041535 RMSE_ideal 4882.769091465432 ME -247.91225419509576 ME_part -584.9191621641537 RMSE_min 100
Training set RMSE 5002.519866601197 RMSE_ideal 5001.338481139802 ME -108.7112076888297 ME_part -188.9884516416639 RMSE_min 100
Jul Nov Validation 4 step4000 613923.25 3150.604 48891764.0 127343.23 0.0001
loaded log function parameters
Validation set RMSE 4905.720195062771 RMSE_ideal 4867.904038015927 ME 607.9474870158417 ME_part 327.7924305880296 RMSE_min 100
Training set RMSE 5049.037451005168 RMSE_ideal 4983.219353391141 ME 812.5910487207213 ME_part 892.003379000104 RMSE_min 100
Jul Nov Validation 4 step4500 1625165.5 4512.9336 44861156.0 123441.97 0.0001
loaded log function parameters
Validation set RMSE 4711.8479962572665 RMSE_ideal 4709.277459561704 ME -155.6207231621096 ME_part -334.4118274352577 RMSE_min 100
Training set RMSE 4914.466536513145 RMSE_ideal 4914.272440941126 ME 43.67837885386395 ME_part 56.513984980264354 RMSE_min 100
Jul Nov Validation 4 step5000 950141.0 3295.9922 43907564.0 122986.77 0.0001
loaded log function parameters
Validation set RMSE 4686.059312148293 RMSE_ideal 4681.389054437634 ME -209.16035532356796 ME_part -357.10871034463923 RMSE_min 100
Training set RMSE 4911.166151603127 RMSE_ideal 4911.105051356441 ME -24.492553969639573 ME_part -20.493817944155026 RMSE_min 100
Jul Nov Validation 4 step5500 510738.8 2482.2515 43279310.0 121385.37 0.0001
loaded log function parameters
Validation set RMSE 4669.385182487636 RMSE_ideal 4667.030341869379 ME -148.2743283053388 ME_part -296.1094569826034 RMSE_min 100
Training set RMSE 4910.334894045245 RMSE_ideal 4910.238920933306 ME 30.696359295105147 ME_part 51.88845865970955 RMSE_min 100
Jul Nov Validation 4 step6000 1188871.8 3817.2964 45392910.0 123570.164 0.0001
loaded log function parameters
Validation set RMSE 4760.804258419013 RMSE_ideal 4759.088941957375 ME 127.78430613476537 ME_part -76.54144833100457 RMSE_min 100
Training set RMSE 4972.723499357162 RMSE_ideal 4962.753787098845 ME 314.7282144887671 ME_part 274.44796001072393 RMSE_min 100
Jul Nov Validation 4 step6500 1306470.4 3733.2983 48070892.0 128008.68 0.0001
loaded log function parameters
Validation set RMSE 4848.017614116201 RMSE_ideal 4841.791485644113 ME 245.62226457660563 ME_part -15.227706548816169 RMSE_min 100
Training set RMSE 5036.6095523871345 RMSE_ideal 5018.866042952088 ME 422.3972388890752 ME_part 336.66867412681574 RMSE_min 100
Jul Nov Validation 4 step7000 924249.1 3344.0454 47294184.0 127389.33 0.0001
loaded log function parameters
Validation set RMSE 4828.561436737058 RMSE_ideal 4818.283081295816 ME 314.8864654229598 ME_part 79.86749059918309 RMSE_min 100
Training set RMSE 5026.3762953128735 RMSE_ideal 5002.837587210531 ME 485.8758954966896 ME_part 432.0790733862001 RMSE_min 100
Jul Nov Validation 4 step7500 901494.9 3204.414 46882050.0 126673.69 0.0001
loaded log function parameters
Validation set RMSE 4804.667378803447 RMSE_ideal 4798.079505199958 ME 251.52045793598063 ME_part 25.161636188428982 RMSE_min 100
Training set RMSE 5004.762296474848 RMSE_ideal 4987.1391522975955 ME 419.6285879207653 ME_part 377.43324604017346 RMSE_min 100
Jul Nov Validation 4 step8000 589716.06 3045.2104 44137308.0 122733.92 0.0001
loaded log function parameters
Validation set RMSE 4714.271029410638 RMSE_ideal 4707.818482372192 ME 246.5688384698348 ME_part 83.2674488193749 RMSE_min 100
Training set RMSE 4968.718389171513 RMSE_ideal 4950.9763738954725 ME 419.51807474404876 ME_part 423.2227228041437 RMSE_min 100
Jul Nov Validation 4 step8500 674539.4 2878.4912 43362610.0 121404.234 0.0001
loaded log function parameters
Validation set RMSE 4647.836444291017 RMSE_ideal 4647.422903561998 ME -61.999954932942956 ME_part -257.70671232880494 RMSE_min 100
Training set RMSE 4896.2854844810645 RMSE_ideal 4895.270791033005 ME 99.67691744871429 ME_part 77.26661309793425 RMSE_min 100
Jul Nov Validation 4 step9000 730422.1 3182.5518 40744310.0 117972.79 0.0001
loaded log function parameters
Validation set RMSE 4580.321727659163 RMSE_ideal 4571.013625353809 ME -291.85736324457486 ME_part -436.73840479473046 RMSE_min 100
Training set RMSE 4834.189410106246 RMSE_ideal 4832.78826765072 ME -116.38262191638253 ME_part -85.93677079842796 RMSE_min 100
Jul Nov Validation 4 step9500 830888.6 3598.5464 43194100.0 122667.92 0.0001
loaded log function parameters
Validation set RMSE 4649.445241557883 RMSE_ideal 4645.7439372035 ME 185.4828195896265 ME_part 10.909553634947214 RMSE_min 100
Training set RMSE 4938.805196703397 RMSE_ideal 4926.219261566156 ME 352.3646890981421 ME_part 336.70479451489024 RMSE_min 100
save in file: /shared/stormcenter/rehenuma/ML_Project/Corn_Corrected/MN_MO_metForcing/May_June_without_LW_HAND/Extended_0.25_Dropout_10000_steps_32_bins_2017/4Corrected_CNN_model.ckpt
save in file: /shared/stormcenter/rehenuma/ML_Project/Corn_Corrected/MN_MO_metForcing/May_June_without_LW_HAND/Extended_0.25_Dropout_10000_steps_32_bins_2017/4Corrected_CNN_model.ckpt
validation RMSE =  4985.1773181695535
